Determining if the pthread_create exist failed with the following output:
Change Dir: /home/dev/CLionProjects/gtest_example/CMakeFiles/CMakeTmp

Run Build Command:"/usr/bin/gmake" "cmTC_43294/fast"
/usr/bin/gmake -f CMakeFiles/cmTC_43294.dir/build.make CMakeFiles/cmTC_43294.dir/build
gmake[1]: Entering directory '/home/dev/CLionProjects/gtest_example/CMakeFiles/CMakeTmp'
Building C object CMakeFiles/cmTC_43294.dir/CheckSymbolExists.c.o
/usr/bin/cc     -o CMakeFiles/cmTC_43294.dir/CheckSymbolExists.c.o   -c /home/dev/CLionProjects/gtest_example/CMakeFiles/CMakeTmp/CheckSymbolExists.c
Linking C executable cmTC_43294
/usr/local/bin/cmake -E cmake_link_script CMakeFiles/cmTC_43294.dir/link.txt --verbose=1
/usr/bin/cc       CMakeFiles/cmTC_43294.dir/CheckSymbolExists.c.o  -o cmTC_43294 
CMakeFiles/cmTC_43294.dir/CheckSymbolExists.c.o: In function `main':
CheckSymbolExists.c:(.text+0x16): undefined reference to `pthread_create'
collect2: error: ld returned 1 exit status
CMakeFiles/cmTC_43294.dir/build.make:97: recipe for target 'cmTC_43294' failed
gmake[1]: *** [cmTC_43294] Error 1
gmake[1]: Leaving directory '/home/dev/CLionProjects/gtest_example/CMakeFiles/CMakeTmp'
Makefile:126: recipe for target 'cmTC_43294/fast' failed
gmake: *** [cmTC_43294/fast] Error 2

File /home/dev/CLionProjects/gtest_example/CMakeFiles/CMakeTmp/CheckSymbolExists.c:
/* */
#include <pthread.h>

int main(int argc, char** argv)
{
  (void)argv;
#ifndef pthread_create
  return ((int*)(&pthread_create))[argc];
#else
  (void)argc;
  return 0;
#endif
}

Determining if the function pthread_create exists in the pthreads failed with the following output:
Change Dir: /home/dev/CLionProjects/gtest_example/CMakeFiles/CMakeTmp

Run Build Command:"/usr/bin/gmake" "cmTC_1bc74/fast"
/usr/bin/gmake -f CMakeFiles/cmTC_1bc74.dir/build.make CMakeFiles/cmTC_1bc74.dir/build
gmake[1]: Entering directory '/home/dev/CLionProjects/gtest_example/CMakeFiles/CMakeTmp'
Building C object CMakeFiles/cmTC_1bc74.dir/CheckFunctionExists.c.o
/usr/bin/cc    -DCHECK_FUNCTION_EXISTS=pthread_create   -o CMakeFiles/cmTC_1bc74.dir/CheckFunctionExists.c.o   -c /usr/local/share/cmake-3.6/Modules/CheckFunctionExists.c
Linking C executable cmTC_1bc74
/usr/local/bin/cmake -E cmake_link_script CMakeFiles/cmTC_1bc74.dir/link.txt --verbose=1
/usr/bin/cc   -DCHECK_FUNCTION_EXISTS=pthread_create    CMakeFiles/cmTC_1bc74.dir/CheckFunctionExists.c.o  -o cmTC_1bc74 -lpthreads 
/usr/bin/ld: cannot find -lpthreads
collect2: error: ld returned 1 exit status
CMakeFiles/cmTC_1bc74.dir/build.make:97: recipe for target 'cmTC_1bc74' failed
gmake[1]: *** [cmTC_1bc74] Error 1
gmake[1]: Leaving directory '/home/dev/CLionProjects/gtest_example/CMakeFiles/CMakeTmp'
Makefile:126: recipe for target 'cmTC_1bc74/fast' failed
gmake: *** [cmTC_1bc74/fast] Error 2


